[2025-03-10 06:38:41.397][DBG][Px19972][Tx26490][Logger] ----------------------------- 
[2025-03-10 06:38:41.397][DBG][Px19972][Tx26490][Logger] MAA Process Start 
[2025-03-10 06:38:41.397][DBG][Px19972][Tx26490][Logger] Version v4.0.0-alpha.2 
[2025-03-10 06:38:41.397][DBG][Px19972][Tx10131][PipelineResMgr.cpp][L118][MaaNS::ResourceNS::PipelineResMgr::check_all_validity] | enter 
[2025-03-10 06:38:41.397][DBG][Px19972][Tx26490][Logger] Built at Mar  5 2025 17:00:25 
[2025-03-10 06:38:41.397][DBG][Px19972][Tx10131][PipelineResMgr.cpp][L128][MaaNS::ResourceNS::PipelineResMgr::check_all_next_list] | enter 
[2025-03-10 06:38:41.397][DBG][Px19972][Tx26490][Logger] Windows x64 
[2025-03-10 06:38:41.397][DBG][Px19972][Tx26490][Logger] Working C:/Users/86187/Desktop/RMA-Ryumi_Autottk 
[2025-03-10 06:38:41.398][DBG][Px19972][Tx26490][Logger] Logging ./debug/maa.log 
[2025-03-10 06:38:41.398][DBG][Px19972][Tx26490][Logger] ----------------------------- 
[2025-03-10 06:38:41.399][TRC][Px19972][Tx26490][Tasker.cpp][L224][MaaNS::Tasker::run_task] | leave, 2185450ms 
[2025-03-10 06:38:41.399][TRC][Px19972][Tx10131][PipelineResMgr.cpp][L128][MaaNS::ResourceNS::PipelineResMgr::check_all_next_list] | leave, 2ms 
[2025-03-10 06:38:41.399][DBG][Px19972][Tx10131][PipelineResMgr.cpp][L160][MaaNS::ResourceNS::PipelineResMgr::check_all_regex] | enter 
[2025-03-10 06:38:41.401][TRC][Px19972][Tx10131][PipelineResMgr.cpp][L160][MaaNS::ResourceNS::PipelineResMgr::check_all_regex] | leave, 1ms 
[2025-03-10 06:38:41.401][TRC][Px19972][Tx10131][PipelineResMgr.cpp][L118][MaaNS::ResourceNS::PipelineResMgr::check_all_validity] | leave, 4ms 
[2025-03-10 06:38:41.402][TRC][Px19972][Tx10131][Context.cpp][L112][MaaNS::TaskNS::Context::override_pipeline] | leave, 8ms 
[2025-03-10 06:38:41.402][TRC][Px19972][Tx10131][Tasker.cpp][L116][MaaNS::Tasker::post_stop] | leave, 9ms 
[2025-03-10 06:38:41.402][TRC][Px19972][Tx10131][MaaTasker.cpp][L109][MaaTaskerPostStop] | leave, 9ms 
[2025-03-10 06:38:41.402][DBG][Px19972][Tx26490][Tasker.cpp][L224][MaaNS::Tasker::run_task] [runner_id=400000002] [task_ptr=00000277EEBC4780] | enter 
[2025-03-10 06:38:41.402][INF][Px19972][Tx26490][Tasker.cpp][L247][MaaNS::Tasker::run_task] task start: [cb_detail={
    "entry": "MaaNS::Tasker::post_stop",
    "hash": "fa19fa9c6ca71039",
    "task_id": 100000002,
    "uuid": "cd4505ae62bd3201"
}] 
[2025-03-10 06:38:41.402][DBG][Px19972][Tx26490][Utils/MessageNotifier.hpp][L19][MaaNS::MessageNotifier::notify] [notify_=00000277EC4B0FC0] [notify_trans_arg_=00000277ED120EC0] [msg=Tasker.Task.Starting] [details={
    "entry": "MaaNS::Tasker::post_stop",
    "hash": "fa19fa9c6ca71039",
    "task_id": 100000002,
    "uuid": "cd4505ae62bd3201"
}] | enter 
[2025-03-10 06:38:41.402][TRC][Px19972][Tx26490][Utils/MessageNotifier.hpp][L19][MaaNS::MessageNotifier::notify] | leave, 0ms 
[2025-03-10 06:38:41.402][INF][Px19972][Tx26490][Tasker.cpp][L259][MaaNS::Tasker::run_task] task end: [cb_detail={
    "entry": "MaaNS::Tasker::post_stop",
    "hash": "fa19fa9c6ca71039",
    "task_id": 100000002,
    "uuid": "cd4505ae62bd3201"
}] [ret=true] 
[2025-03-10 06:38:41.403][DBG][Px19972][Tx26490][Utils/MessageNotifier.hpp][L19][MaaNS::MessageNotifier::notify] [notify_=00000277EC4B0FC0] [notify_trans_arg_=00000277ED120EC0] [msg=Tasker.Task.Succeeded] [details={
    "entry": "MaaNS::Tasker::post_stop",
    "hash": "fa19fa9c6ca71039",
    "task_id": 100000002,
    "uuid": "cd4505ae62bd3201"
}] | enter 
[2025-03-10 06:38:41.403][TRC][Px19972][Tx26490][Utils/MessageNotifier.hpp][L19][MaaNS::MessageNotifier::notify] | leave, 0ms 
[2025-03-10 06:38:41.403][DBG][Px19972][Tx26490][Logger] ----------------------------- 
[2025-03-10 06:38:41.403][DBG][Px19972][Tx26490][Logger] Flush log 
[2025-03-10 06:38:41.403][DBG][Px19972][Tx26490][Logger] ----------------------------- 
[2025-03-10 06:38:41.403][TRC][Px19972][Tx26490][Tasker.cpp][L224][MaaNS::Tasker::run_task] | leave, 1ms 
[2025-03-10 06:38:42.205][DBG][Px19972][Tx23659][UnitBase.cpp][L58][MaaNS::CtrlUnitNs::UnitBase::startup_and_read_pipe] [output.size()=3776411] [duration=1023ms] 
